<?xml version="1.0" encoding="UTF-8"?>
<testng-results ignored="0" total="1" passed="1" failed="0" skipped="0">
  <reporter-output>
  </reporter-output>
  <suite started-at="2025-01-14T11:57:11 WIB" name="Surefire suite" finished-at="2025-01-14T11:57:16 WIB" duration-ms="5571">
    <groups>
    </groups>
    <test started-at="2025-01-14T11:57:11 WIB" name="Surefire test" finished-at="2025-01-14T11:57:16 WIB" duration-ms="5571">
      <class name="com.example.selenium.AppTest">
        <test-method is-config="true" signature="setUp()[pri:0, instance:com.example.selenium.AppTest@3c72f59f]" started-at="2025-01-14T11:57:11 WIB" name="setUp" finished-at="2025-01-14T11:57:15 WIB" duration-ms="3863" status="PASS">
          <reporter-output>
          </reporter-output>
        </test-method> <!-- setUp -->
        <test-method signature="testFormSubmission()[pri:0, instance:com.example.selenium.AppTest@3c72f59f]" started-at="2025-01-14T11:57:15 WIB" name="testFormSubmission" finished-at="2025-01-14T11:57:16 WIB" duration-ms="1032" status="PASS">
          <reporter-output>
          </reporter-output>
        </test-method> <!-- testFormSubmission -->
        <test-method is-config="true" signature="tearDown()[pri:0, instance:com.example.selenium.AppTest@3c72f59f]" started-at="2025-01-14T11:57:16 WIB" name="tearDown" finished-at="2025-01-14T11:57:16 WIB" duration-ms="579" status="PASS">
          <reporter-output>
          </reporter-output>
        </test-method> <!-- tearDown -->
      </class> <!-- com.example.selenium.AppTest -->
    </test> <!-- Surefire test -->
  </suite> <!-- Surefire suite -->
</testng-results>
